<?xml version="1.0" encoding="UTF-8"?>
<!-- Generated by org.testng.reporters.JUnitReportReporter -->
<testsuite hostname="FVFHXH05Q6LR" failures="0" tests="1" name="base.BaseClass" time="49.615" errors="0" timestamp="2023-05-10T12:13:53 IST" skipped="0">
  <testcase classname="base.BaseClass" name="Start" time="49.615"/>
  <system-out/>
</testsuite> <!-- base.BaseClass -->
