<?xml version="1.0" encoding="UTF-8"?>
<!-- Generated by org.testng.reporters.JUnitReportReporter -->
<testsuite hostname="FVFHXH05Q6LR" failures="0" tests="1" name="tests.TestCaseForHomePage" time="9.627" errors="0" timestamp="2023-05-10T15:53:45 IST" skipped="0">
  <testcase classname="tests.TestCaseForHomePage" name="testCase" time="9.627"/>
  <system-out/>
</testsuite> <!-- tests.TestCaseForHomePage -->
